Using pre-set license
Built from '2021.3/staging' branch; Version is '2021.3.8f1 (b30333d56e81) revision 11731763'; Using compiler version '192829333'; Build Type 'Release'
OS: 'Windows 10  (10.0.19044) 64bit Professional' Language: 'es' Physical Memory: 16299 MB
BatchMode: 1, IsHumanControllingUs: 0, StartBugReporterOnCrash: 0, Is64bit: 1, IsPro: 1

COMMAND LINE ARGUMENTS:
C:\Program Files\Unity\Hub\Editor\2021.3.8f1\Editor\Unity.exe
-adb2
-batchMode
-noUpm
-name
AssetImportWorker0
-projectPath
D:/Documentos/UCSP/CCOMP/2022 - II/IHC/Parcial/Test for presentation 1
-logFile
Logs/AssetImportWorker0.log
-srvPort
55421
Successfully changed project path to: D:/Documentos/UCSP/CCOMP/2022 - II/IHC/Parcial/Test for presentation 1
D:/Documentos/UCSP/CCOMP/2022 - II/IHC/Parcial/Test for presentation 1
[UnityMemory] Configuration Parameters - Can be set up in boot.config
    "memorysetup-bucket-allocator-granularity=16"
    "memorysetup-bucket-allocator-bucket-count=8"
    "memorysetup-bucket-allocator-block-size=33554432"
    "memorysetup-bucket-allocator-block-count=8"
    "memorysetup-main-allocator-block-size=16777216"
    "memorysetup-thread-allocator-block-size=16777216"
    "memorysetup-gfx-main-allocator-block-size=16777216"
    "memorysetup-gfx-thread-allocator-block-size=16777216"
    "memorysetup-cache-allocator-block-size=4194304"
    "memorysetup-typetree-allocator-block-size=2097152"
    "memorysetup-profiler-bucket-allocator-granularity=16"
    "memorysetup-profiler-bucket-allocator-bucket-count=8"
    "memorysetup-profiler-bucket-allocator-block-size=33554432"
    "memorysetup-profiler-bucket-allocator-block-count=8"
    "memorysetup-profiler-allocator-block-size=16777216"
    "memorysetup-profiler-editor-allocator-block-size=1048576"
    "memorysetup-temp-allocator-size-main=16777216"
    "memorysetup-job-temp-allocator-block-size=2097152"
    "memorysetup-job-temp-allocator-block-size-background=1048576"
    "memorysetup-job-temp-allocator-reduction-small-platforms=262144"
    "memorysetup-temp-allocator-size-background-worker=32768"
    "memorysetup-temp-allocator-size-job-worker=262144"
    "memorysetup-temp-allocator-size-preload-manager=33554432"
    "memorysetup-temp-allocator-size-nav-mesh-worker=65536"
    "memorysetup-temp-allocator-size-audio-worker=65536"
    "memorysetup-temp-allocator-size-cloud-worker=32768"
    "memorysetup-temp-allocator-size-gi-baking-worker=262144"
    "memorysetup-temp-allocator-size-gfx=262144"
Refreshing native plugins compatible for Editor in 66.05 ms, found 3 plugins.
Preloading 0 native plugins for Editor in 0.00 ms.
Initialize engine version: 2021.3.8f1 (b30333d56e81)
[Subsystems] Discovering subsystems at path C:/Program Files/Unity/Hub/Editor/2021.3.8f1/Editor/Data/Resources/UnitySubsystems
[Subsystems] Discovering subsystems at path D:/Documentos/UCSP/CCOMP/2022 - II/IHC/Parcial/Test for presentation 1/Assets
GfxDevice: creating device client; threaded=0; jobified=0
Direct3D:
    Version:  Direct3D 11.0 [level 11.0]
    Renderer: NVIDIA GeForce GT 710 (ID=0x128b)
    Vendor:   NVIDIA
    VRAM:     2007 MB
    Driver:   30.0.14.7381
Initialize mono
Mono path[0] = 'C:/Program Files/Unity/Hub/Editor/2021.3.8f1/Editor/Data/Managed'
Mono path[1] = 'C:/Program Files/Unity/Hub/Editor/2021.3.8f1/Editor/Data/MonoBleedingEdge/lib/mono/unityjit-win32'
Mono config path = 'C:/Program Files/Unity/Hub/Editor/2021.3.8f1/Editor/Data/MonoBleedingEdge/etc'
Using monoOptions --debugger-agent=transport=dt_socket,embedding=1,server=y,suspend=n,address=127.0.0.1:56868
Begin MonoManager ReloadAssembly
Registering precompiled unity dll's ...
Register platform support module: C:/Program Files/Unity/Hub/Editor/2021.3.8f1/Editor/Data/PlaybackEngines/WebGLSupport/UnityEditor.WebGL.Extensions.dll
Register platform support module: C:/Program Files/Unity/Hub/Editor/2021.3.8f1/Editor/Data/PlaybackEngines/WindowsStandaloneSupport/UnityEditor.WindowsStandalone.Extensions.dll
Registered in 0.004849 seconds.
Native extension for WindowsStandalone target not found
Native extension for WebGL target not found
Refreshing native plugins compatible for Editor in 63.06 ms, found 3 plugins.
Preloading 0 native plugins for Editor in 0.00 ms.
Mono: successfully reloaded assembly
- Completed reload, in  0.441 seconds
Domain Reload Profiling:
	ReloadAssembly (441ms)
		BeginReloadAssembly (49ms)
			ExecutionOrderSort (0ms)
			DisableScriptedObjects (0ms)
			BackupInstance (0ms)
			ReleaseScriptingObjects (0ms)
			CreateAndSetChildDomain (1ms)
		EndReloadAssembly (314ms)
			LoadAssemblies (48ms)
			RebuildTransferFunctionScriptingTraits (0ms)
			SetupTypeCache (68ms)
			ReleaseScriptCaches (0ms)
			RebuildScriptCaches (19ms)
			SetupLoadedEditorAssemblies (191ms)
				LogAssemblyErrors (0ms)
				InitializePlatformSupportModulesInManaged (7ms)
				SetLoadedEditorAssemblies (0ms)
				RefreshPlugins (63ms)
				BeforeProcessingInitializeOnLoad (1ms)
				ProcessInitializeOnLoadAttributes (88ms)
				ProcessInitializeOnLoadMethodAttributes (32ms)
				AfterProcessingInitializeOnLoad (0ms)
				EditorAssembliesLoaded (0ms)
			ExecutionOrderSort2 (0ms)
			AwakeInstancesAfterBackupRestoration (0ms)
Platform modules already initialized, skipping
Registering precompiled user dll's ...
Registered in 0.003211 seconds.
Begin MonoManager ReloadAssembly
Symbol file LoadedFromMemory doesn't match image D:\Documentos\UCSP\CCOMP\2022 - II\IHC\Parcial\Test for presentation 1\Library\PackageCache\com.unity.visualscripting@1.7.8\Editor\VisualScripting.Core\Dependencies\YamlDotNet\Unity.VisualScripting.YamlDotNet.dll
Symbol file LoadedFromMemory doesn't match image D:\Documentos\UCSP\CCOMP\2022 - II\IHC\Parcial\Test for presentation 1\Library\PackageCache\com.unity.visualscripting@1.7.8\Editor\VisualScripting.Core\Dependencies\DotNetZip\Unity.VisualScripting.IonicZip.dll
Native extension for WindowsStandalone target not found
Native extension for WebGL target not found
Refreshing native plugins compatible for Editor in 0.49 ms, found 3 plugins.
Preloading 0 native plugins for Editor in 0.00 ms.
Fallback handler could not load library C:/Program Files/Unity/Hub/Editor/2021.3.8f1/Editor/Data/MonoBleedingEdge/lib/libnuitrack
Fallback handler could not load library C:/Program Files/Unity/Hub/Editor/2021.3.8f1/Editor/Data/MonoBleedingEdge/lib/libnuitrack.dll
Fallback handler could not load library C:/Program Files/Unity/Hub/Editor/2021.3.8f1/Editor/Data/MonoBleedingEdge/lib/libnuitrack.dll
Fallback handler could not load library C:/Program Files/Unity/Hub/Editor/2021.3.8f1/Editor/Data/MonoBleedingEdge/lib/libnuitrack
Fallback handler could not load library C:/Program Files/Unity/Hub/Editor/2021.3.8f1/Editor/Data/MonoBleedingEdge/lib/libnuitrack
Fallback handler could not load library C:/Program Files/Unity/Hub/Editor/2021.3.8f1/Editor/Data/MonoBleedingEdge/lib/libnuitrack.dll
Fallback handler could not load library C:/Program Files/Unity/Hub/Editor/2021.3.8f1/Editor/Data/MonoBleedingEdge/lib/libnuitrack.dll
Fallback handler could not load library C:/Program Files/Unity/Hub/Editor/2021.3.8f1/Editor/Data/MonoBleedingEdge/lib/libnuitrack
<color=red><b>Test Nuitrack init failed!</b></color>
<color=red><b>It is recommended to test on AllModulesScene. (Start the scene and follow the on-screen instructions)</b></color>
Current Scripting Backend Mono2x  Target:Standalone
UnityEngine.StackTraceUtility:ExtractStackTrace ()
UnityEngine.DebugLogHandler:LogFormat (UnityEngine.LogType,UnityEngine.Object,string,object[])
UnityEngine.Logger:Log (UnityEngine.LogType,object)
UnityEngine.Debug:Log (object)
NuitrackSDKEditor.ErrorSolver.NuitrackChecker:PingNuitrack () (at Assets/NuitrackSDK/Nuitrack/Scripts/Editor/ErrorSolver/NuitrackChecker.cs:89)
NuitrackSDKEditor.ErrorSolver.NuitrackChecker:.cctor () (at Assets/NuitrackSDK/Nuitrack/Scripts/Editor/ErrorSolver/NuitrackChecker.cs:20)
System.Runtime.CompilerServices.RuntimeHelpers:RunClassConstructor (System.RuntimeTypeHandle)
UnityEditor.EditorAssemblies:ProcessInitializeOnLoadAttributes (System.Type[])

(Filename: Assets/NuitrackSDK/Nuitrack/Scripts/Editor/ErrorSolver/NuitrackChecker.cs Line: 89)

System.DllNotFoundException: libnuitrack assembly:<unknown assembly> type:<unknown type> member:(null)
  at (wrapper managed-to-native) nuitrack.NativeImporter.nuitrack_InitializeFromConfig_E(string,intptr&)
  at nuitrack.NativeNuitrack.Init (System.String config) [0x00006] in <057f99c1c0624ebab0b6fa7b4951aaa2>:0 
  at nuitrack.Nuitrack.Init (System.String config, nuitrack.Nuitrack+NuitrackMode mode) [0x00029] in <057f99c1c0624ebab0b6fa7b4951aaa2>:0 
  at NuitrackSDKEditor.ErrorSolver.NuitrackChecker.PingNuitrack () [0x00088] in D:\Documentos\UCSP\CCOMP\2022 - II\IHC\Parcial\Test for presentation 1\Assets\NuitrackSDK\Nuitrack\Scripts\Editor\ErrorSolver\NuitrackChecker.cs:49 
UnityEngine.StackTraceUtility:ExtractStackTrace ()
UnityEngine.DebugLogHandler:LogFormat (UnityEngine.LogType,UnityEngine.Object,string,object[])
UnityEngine.Logger:Log (UnityEngine.LogType,object)
UnityEngine.Debug:Log (object)
NuitrackSDKEditor.ErrorSolver.NuitrackChecker:PingNuitrack () (at Assets/NuitrackSDK/Nuitrack/Scripts/Editor/ErrorSolver/NuitrackChecker.cs:92)
NuitrackSDKEditor.ErrorSolver.NuitrackChecker:.cctor () (at Assets/NuitrackSDK/Nuitrack/Scripts/Editor/ErrorSolver/NuitrackChecker.cs:20)
System.Runtime.CompilerServices.RuntimeHelpers:RunClassConstructor (System.RuntimeTypeHandle)
UnityEditor.EditorAssemblies:ProcessInitializeOnLoadAttributes (System.Type[])

(Filename: Assets/NuitrackSDK/Nuitrack/Scripts/Editor/ErrorSolver/NuitrackChecker.cs Line: 92)

Mono: successfully reloaded assembly
- Completed reload, in  0.725 seconds
Domain Reload Profiling:
	ReloadAssembly (726ms)
		BeginReloadAssembly (78ms)
			ExecutionOrderSort (0ms)
			DisableScriptedObjects (4ms)
			BackupInstance (0ms)
			ReleaseScriptingObjects (0ms)
			CreateAndSetChildDomain (15ms)
		EndReloadAssembly (564ms)
			LoadAssemblies (54ms)
			RebuildTransferFunctionScriptingTraits (0ms)
			SetupTypeCache (175ms)
			ReleaseScriptCaches (0ms)
			RebuildScriptCaches (35ms)
			SetupLoadedEditorAssemblies (271ms)
				LogAssemblyErrors (0ms)
				InitializePlatformSupportModulesInManaged (5ms)
				SetLoadedEditorAssemblies (0ms)
				RefreshPlugins (1ms)
				BeforeProcessingInitializeOnLoad (65ms)
				ProcessInitializeOnLoadAttributes (173ms)
				ProcessInitializeOnLoadMethodAttributes (21ms)
				AfterProcessingInitializeOnLoad (6ms)
				EditorAssembliesLoaded (0ms)
			ExecutionOrderSort2 (0ms)
			AwakeInstancesAfterBackupRestoration (4ms)
Platform modules already initialized, skipping
========================================================================
Worker process is ready to serve import requests
Launched and connected shader compiler UnityShaderCompiler.exe after 0.03 seconds
Refreshing native plugins compatible for Editor in 0.60 ms, found 3 plugins.
Preloading 0 native plugins for Editor in 0.00 ms.
Unloading 3588 Unused Serialized files (Serialized files now loaded: 0)
Unloading 35 unused Assets / (358.6 KB). Loaded Objects now: 4042.
Memory consumption went from 132.5 MB to 132.1 MB.
Total: 2.571700 ms (FindLiveObjects: 0.201300 ms CreateObjectMapping: 0.081300 ms MarkObjects: 2.155400 ms  DeleteObjects: 0.132600 ms)

AssetImportParameters requested are different than current active one (requested -> active):
  custom:video-decoder-ogg-theora: a1e56fd34408186e4bbccfd4996cb3dc -> 
  custom:container-muxer-webm: aa71ff27fc2769a1b78a27578f13a17b -> 
  custom:container-demuxer-webm: 4f35f7cbe854078d1ac9338744f61a02 -> 
  custom:video-encoder-webm-vp8: eb34c28f22e8b96e1ab97ce403110664 -> 
  custom:audio-encoder-webm-vorbis: bf7c407c2cedff20999df2af8eb42d56 -> 
  custom:framework-win-MediaFoundation: 216162199b28c13a410421893ffa2e32 -> 
  custom:container-demuxer-ogg: 62fdf1f143b41e24485cea50d1cbac27 -> 
  custom:video-decoder-webm-vp8: 9c59270c3fd7afecdb556c50c9e8de78 -> 
  custom:audio-decoder-ogg-vorbis: bf7c407c2cedff20999df2af8eb42d56 -> 
========================================================================
Received Import Request.
  Time since last request: 381.539595 seconds.
  path: Assets/next.png
  artifactKey: Guid(e0645364a2c5c3542b4c3d415e3d5320) Importer(815301076,1909f56bfc062723c751e8b465ee728b)
Start importing Assets/next.png using Guid(e0645364a2c5c3542b4c3d415e3d5320) Importer(815301076,1909f56bfc062723c751e8b465ee728b)  -> (artifact id: '2d0492cc2206359a64be067899b75a70') in 0.111246 seconds 
========================================================================
Received Import Request.
  Time since last request: 0.000016 seconds.
  path: Assets/swimsuit2.png
  artifactKey: Guid(1a172d6e24255444cab5ad427480f93c) Importer(815301076,1909f56bfc062723c751e8b465ee728b)
Start importing Assets/swimsuit2.png using Guid(1a172d6e24255444cab5ad427480f93c) Importer(815301076,1909f56bfc062723c751e8b465ee728b)  -> (artifact id: '9c5b07f7378658a68a0ce82da46ea3ee') in 0.018108 seconds 
========================================================================
Received Import Request.
  Time since last request: 0.000020 seconds.
  path: Assets/jacket2.png
  artifactKey: Guid(20bbe5d74e5119240b3021dc7cfe4b00) Importer(815301076,1909f56bfc062723c751e8b465ee728b)
Start importing Assets/jacket2.png using Guid(20bbe5d74e5119240b3021dc7cfe4b00) Importer(815301076,1909f56bfc062723c751e8b465ee728b)  -> (artifact id: 'f06c4e4be3ff1d988d1f54ba2a8418bc') in 0.023378 seconds 
========================================================================
Received Import Request.
  Time since last request: 0.000013 seconds.
  path: Assets/dress2.png
  artifactKey: Guid(1851601916dd0cf498be766b8659bf53) Importer(815301076,1909f56bfc062723c751e8b465ee728b)
Start importing Assets/dress2.png using Guid(1851601916dd0cf498be766b8659bf53) Importer(815301076,1909f56bfc062723c751e8b465ee728b)  -> (artifact id: '22f0c3f93d36f3ad58389cfbf2adef24') in 0.021093 seconds 
========================================================================
Received Import Request.
  Time since last request: 0.000015 seconds.
  path: Assets/opt_swimsuit.png
  artifactKey: Guid(1fc30bde42db06b4c886dea9089fd834) Importer(815301076,1909f56bfc062723c751e8b465ee728b)
Start importing Assets/opt_swimsuit.png using Guid(1fc30bde42db06b4c886dea9089fd834) Importer(815301076,1909f56bfc062723c751e8b465ee728b)  -> (artifact id: '32dcb33be5bb657a01ebeae7a8abb240') in 0.026287 seconds 
========================================================================
Received Import Request.
  Time since last request: 0.000013 seconds.
  path: Assets/back.png
  artifactKey: Guid(ade5b974ccae44841b4a9b15a6bf7a71) Importer(815301076,1909f56bfc062723c751e8b465ee728b)
Start importing Assets/back.png using Guid(ade5b974ccae44841b4a9b15a6bf7a71) Importer(815301076,1909f56bfc062723c751e8b465ee728b)  -> (artifact id: '1d5166ac24fa819060699952020581cf') in 0.024411 seconds 
========================================================================
Received Import Request.
  Time since last request: 0.000013 seconds.
  path: Assets/swimsuit3.png
  artifactKey: Guid(e729320587870114495a4b7106ca4492) Importer(815301076,1909f56bfc062723c751e8b465ee728b)
Start importing Assets/swimsuit3.png using Guid(e729320587870114495a4b7106ca4492) Importer(815301076,1909f56bfc062723c751e8b465ee728b)  -> (artifact id: '7370db93359d72c23fce6b190bce00b6') in 0.020308 seconds 
========================================================================
Received Import Request.
  Time since last request: 0.000013 seconds.
  path: Assets/opt_dress.png
  artifactKey: Guid(ed01346551ad0a649b25fc5037228a4f) Importer(815301076,1909f56bfc062723c751e8b465ee728b)
Start importing Assets/opt_dress.png using Guid(ed01346551ad0a649b25fc5037228a4f) Importer(815301076,1909f56bfc062723c751e8b465ee728b)  -> (artifact id: 'b31983bba228acb6bf1845fa506510a6') in 0.023039 seconds 
========================================================================
Received Import Request.
  Time since last request: 25.895408 seconds.
  path: Assets/Animations
  artifactKey: Guid(d87fe4fe7a87fd2418f79852447c1cfa) Importer(815301076,1909f56bfc062723c751e8b465ee728b)
Start importing Assets/Animations using Guid(d87fe4fe7a87fd2418f79852447c1cfa) Importer(815301076,1909f56bfc062723c751e8b465ee728b)  -> (artifact id: 'df4323995fbd52b968101a75d2196381') in 0.003987 seconds 
========================================================================
Received Import Request.
  Time since last request: 925.491336 seconds.
  path: Assets/TextMesh Pro/Examples & Extras/Resources/Fonts & Materials/Bangers SDF.asset
  artifactKey: Guid(125cb55b44b24c4393181402bc6200e6) Importer(815301076,1909f56bfc062723c751e8b465ee728b)
Start importing Assets/TextMesh Pro/Examples & Extras/Resources/Fonts & Materials/Bangers SDF.asset using Guid(125cb55b44b24c4393181402bc6200e6) Importer(815301076,1909f56bfc062723c751e8b465ee728b)  -> (artifact id: '7a37fad8345b281a623bd6b9304ccd16') in 0.058810 seconds 
========================================================================
Received Import Request.
  Time since last request: 0.000013 seconds.
  path: Assets/TextMesh Pro/Examples & Extras/Resources/Fonts & Materials/Roboto-Bold SDF.asset
  artifactKey: Guid(5302535af1044152a457ed104f1f4b91) Importer(815301076,1909f56bfc062723c751e8b465ee728b)
Start importing Assets/TextMesh Pro/Examples & Extras/Resources/Fonts & Materials/Roboto-Bold SDF.asset using Guid(5302535af1044152a457ed104f1f4b91) Importer(815301076,1909f56bfc062723c751e8b465ee728b)  -> (artifact id: '9c5265c17b2cde1269a6aa07c2185323') in 0.027589 seconds 
========================================================================
Received Import Request.
  Time since last request: 0.000021 seconds.
  path: Assets/TextMesh Pro/Examples & Extras/Resources/Fonts & Materials/Oswald Bold SDF.asset
  artifactKey: Guid(0161d805a3764c089bef00bfe00793f5) Importer(815301076,1909f56bfc062723c751e8b465ee728b)
Start importing Assets/TextMesh Pro/Examples & Extras/Resources/Fonts & Materials/Oswald Bold SDF.asset using Guid(0161d805a3764c089bef00bfe00793f5) Importer(815301076,1909f56bfc062723c751e8b465ee728b)  -> (artifact id: 'deb9997f2bd569f60f16135f69d02791') in 0.025458 seconds 
========================================================================
Received Import Request.
  Time since last request: 1.794087 seconds.
  path: Assets/TextMesh Pro/Examples & Extras/Resources/Fonts & Materials/Anton SDF.asset
  artifactKey: Guid(8a89fa14b10d46a99122fd4f73fca9a2) Importer(815301076,1909f56bfc062723c751e8b465ee728b)
Start importing Assets/TextMesh Pro/Examples & Extras/Resources/Fonts & Materials/Anton SDF.asset using Guid(8a89fa14b10d46a99122fd4f73fca9a2) Importer(815301076,1909f56bfc062723c751e8b465ee728b)  -> (artifact id: 'c64e23d336f1ab1a33695b7fe1e4648d') in 0.017320 seconds 
========================================================================
Received Import Request.
  Time since last request: 963.644643 seconds.
  path: Assets/Animations/d1.controller
  artifactKey: Guid(7ad0e68c77f6b454080171c2d2b6df52) Importer(815301076,1909f56bfc062723c751e8b465ee728b)
Start importing Assets/Animations/d1.controller using Guid(7ad0e68c77f6b454080171c2d2b6df52) Importer(815301076,1909f56bfc062723c751e8b465ee728b)  -> (artifact id: 'd3eb13e4ff9ab48a3bf9c8255101ddb8') in 0.006960 seconds 
========================================================================
Received Prepare
Registering precompiled user dll's ...
Registered in 0.002869 seconds.
Begin MonoManager ReloadAssembly
Symbol file LoadedFromMemory doesn't match image D:\Documentos\UCSP\CCOMP\2022 - II\IHC\Parcial\Test for presentation 1\Library\PackageCache\com.unity.visualscripting@1.7.8\Editor\VisualScripting.Core\Dependencies\YamlDotNet\Unity.VisualScripting.YamlDotNet.dll
Symbol file LoadedFromMemory doesn't match image D:\Documentos\UCSP\CCOMP\2022 - II\IHC\Parcial\Test for presentation 1\Library\PackageCache\com.unity.visualscripting@1.7.8\Editor\VisualScripting.Core\Dependencies\DotNetZip\Unity.VisualScripting.IonicZip.dll
Native extension for WindowsStandalone target not found
Native extension for WebGL target not found
Refreshing native plugins compatible for Editor in 0.62 ms, found 3 plugins.
Preloading 0 native plugins for Editor in 0.00 ms.
Fallback handler could not load library C:/Program Files/Unity/Hub/Editor/2021.3.8f1/Editor/Data/MonoBleedingEdge/lib/libnuitrack
Fallback handler could not load library C:/Program Files/Unity/Hub/Editor/2021.3.8f1/Editor/Data/MonoBleedingEdge/lib/libnuitrack.dll
Fallback handler could not load library C:/Program Files/Unity/Hub/Editor/2021.3.8f1/Editor/Data/MonoBleedingEdge/lib/libnuitrack.dll
Fallback handler could not load library C:/Program Files/Unity/Hub/Editor/2021.3.8f1/Editor/Data/MonoBleedingEdge/lib/libnuitrack
Fallback handler could not load library C:/Program Files/Unity/Hub/Editor/2021.3.8f1/Editor/Data/MonoBleedingEdge/lib/libnuitrack
Fallback handler could not load library C:/Program Files/Unity/Hub/Editor/2021.3.8f1/Editor/Data/MonoBleedingEdge/lib/libnuitrack.dll
Fallback handler could not load library C:/Program Files/Unity/Hub/Editor/2021.3.8f1/Editor/Data/MonoBleedingEdge/lib/libnuitrack.dll
Fallback handler could not load library C:/Program Files/Unity/Hub/Editor/2021.3.8f1/Editor/Data/MonoBleedingEdge/lib/libnuitrack
<color=red><b>Test Nuitrack init failed!</b></color>
<color=red><b>It is recommended to test on AllModulesScene. (Start the scene and follow the on-screen instructions)</b></color>
Current Scripting Backend Mono2x  Target:Standalone
UnityEngine.StackTraceUtility:ExtractStackTrace ()
UnityEngine.DebugLogHandler:LogFormat (UnityEngine.LogType,UnityEngine.Object,string,object[])
UnityEngine.Logger:Log (UnityEngine.LogType,object)
UnityEngine.Debug:Log (object)
NuitrackSDKEditor.ErrorSolver.NuitrackChecker:PingNuitrack () (at Assets/NuitrackSDK/Nuitrack/Scripts/Editor/ErrorSolver/NuitrackChecker.cs:89)
NuitrackSDKEditor.ErrorSolver.NuitrackChecker:.cctor () (at Assets/NuitrackSDK/Nuitrack/Scripts/Editor/ErrorSolver/NuitrackChecker.cs:20)
System.Runtime.CompilerServices.RuntimeHelpers:RunClassConstructor (System.RuntimeTypeHandle)
UnityEditor.EditorAssemblies:ProcessInitializeOnLoadAttributes (System.Type[])

(Filename: Assets/NuitrackSDK/Nuitrack/Scripts/Editor/ErrorSolver/NuitrackChecker.cs Line: 89)

System.DllNotFoundException: libnuitrack assembly:<unknown assembly> type:<unknown type> member:(null)
  at (wrapper managed-to-native) nuitrack.NativeImporter.nuitrack_InitializeFromConfig_E(string,intptr&)
  at nuitrack.NativeNuitrack.Init (System.String config) [0x00006] in <057f99c1c0624ebab0b6fa7b4951aaa2>:0 
  at nuitrack.Nuitrack.Init (System.String config, nuitrack.Nuitrack+NuitrackMode mode) [0x00029] in <057f99c1c0624ebab0b6fa7b4951aaa2>:0 
  at NuitrackSDKEditor.ErrorSolver.NuitrackChecker.PingNuitrack () [0x00088] in D:\Documentos\UCSP\CCOMP\2022 - II\IHC\Parcial\Test for presentation 1\Assets\NuitrackSDK\Nuitrack\Scripts\Editor\ErrorSolver\NuitrackChecker.cs:49 
UnityEngine.StackTraceUtility:ExtractStackTrace ()
UnityEngine.DebugLogHandler:LogFormat (UnityEngine.LogType,UnityEngine.Object,string,object[])
UnityEngine.Logger:Log (UnityEngine.LogType,object)
UnityEngine.Debug:Log (object)
NuitrackSDKEditor.ErrorSolver.NuitrackChecker:PingNuitrack () (at Assets/NuitrackSDK/Nuitrack/Scripts/Editor/ErrorSolver/NuitrackChecker.cs:92)
NuitrackSDKEditor.ErrorSolver.NuitrackChecker:.cctor () (at Assets/NuitrackSDK/Nuitrack/Scripts/Editor/ErrorSolver/NuitrackChecker.cs:20)
System.Runtime.CompilerServices.RuntimeHelpers:RunClassConstructor (System.RuntimeTypeHandle)
UnityEditor.EditorAssemblies:ProcessInitializeOnLoadAttributes (System.Type[])

(Filename: Assets/NuitrackSDK/Nuitrack/Scripts/Editor/ErrorSolver/NuitrackChecker.cs Line: 92)

Mono: successfully reloaded assembly
- Completed reload, in  0.742 seconds
Domain Reload Profiling:
	ReloadAssembly (742ms)
		BeginReloadAssembly (122ms)
			ExecutionOrderSort (0ms)
			DisableScriptedObjects (4ms)
			BackupInstance (0ms)
			ReleaseScriptingObjects (0ms)
			CreateAndSetChildDomain (44ms)
		EndReloadAssembly (547ms)
			LoadAssemblies (61ms)
			RebuildTransferFunctionScriptingTraits (0ms)
			SetupTypeCache (188ms)
			ReleaseScriptCaches (1ms)
			RebuildScriptCaches (29ms)
			SetupLoadedEditorAssemblies (247ms)
				LogAssemblyErrors (0ms)
				InitializePlatformSupportModulesInManaged (11ms)
				SetLoadedEditorAssemblies (0ms)
				RefreshPlugins (1ms)
				BeforeProcessingInitializeOnLoad (51ms)
				ProcessInitializeOnLoadAttributes (157ms)
				ProcessInitializeOnLoadMethodAttributes (21ms)
				AfterProcessingInitializeOnLoad (6ms)
				EditorAssembliesLoaded (0ms)
			ExecutionOrderSort2 (0ms)
			AwakeInstancesAfterBackupRestoration (4ms)
Platform modules already initialized, skipping
Refreshing native plugins compatible for Editor in 1.37 ms, found 3 plugins.
Preloading 0 native plugins for Editor in 0.00 ms.
Unloading 3553 Unused Serialized files (Serialized files now loaded: 0)
Unloading 28 unused Assets / (326.1 KB). Loaded Objects now: 4091.
Memory consumption went from 134.1 MB to 133.8 MB.
Total: 2.362400 ms (FindLiveObjects: 0.192600 ms CreateObjectMapping: 0.083800 ms MarkObjects: 1.991700 ms  DeleteObjects: 0.093700 ms)

AssetImportParameters requested are different than current active one (requested -> active):
  custom:video-decoder-ogg-theora: a1e56fd34408186e4bbccfd4996cb3dc -> 
  custom:container-muxer-webm: aa71ff27fc2769a1b78a27578f13a17b -> 
  custom:container-demuxer-webm: 4f35f7cbe854078d1ac9338744f61a02 -> 
  custom:video-encoder-webm-vp8: eb34c28f22e8b96e1ab97ce403110664 -> 
  custom:audio-encoder-webm-vorbis: bf7c407c2cedff20999df2af8eb42d56 -> 
  custom:framework-win-MediaFoundation: 216162199b28c13a410421893ffa2e32 -> 
  custom:container-demuxer-ogg: 62fdf1f143b41e24485cea50d1cbac27 -> 
  custom:video-decoder-webm-vp8: 9c59270c3fd7afecdb556c50c9e8de78 -> 
  custom:audio-decoder-ogg-vorbis: bf7c407c2cedff20999df2af8eb42d56 -> 
========================================================================
Received Prepare
Registering precompiled user dll's ...
Registered in 0.002992 seconds.
Begin MonoManager ReloadAssembly
Symbol file LoadedFromMemory doesn't match image D:\Documentos\UCSP\CCOMP\2022 - II\IHC\Parcial\Test for presentation 1\Library\PackageCache\com.unity.visualscripting@1.7.8\Editor\VisualScripting.Core\Dependencies\YamlDotNet\Unity.VisualScripting.YamlDotNet.dll
Symbol file LoadedFromMemory doesn't match image D:\Documentos\UCSP\CCOMP\2022 - II\IHC\Parcial\Test for presentation 1\Library\PackageCache\com.unity.visualscripting@1.7.8\Editor\VisualScripting.Core\Dependencies\DotNetZip\Unity.VisualScripting.IonicZip.dll
Native extension for WindowsStandalone target not found
Native extension for WebGL target not found
Refreshing native plugins compatible for Editor in 0.51 ms, found 3 plugins.
Preloading 0 native plugins for Editor in 0.00 ms.
Fallback handler could not load library C:/Program Files/Unity/Hub/Editor/2021.3.8f1/Editor/Data/MonoBleedingEdge/lib/libnuitrack
Fallback handler could not load library C:/Program Files/Unity/Hub/Editor/2021.3.8f1/Editor/Data/MonoBleedingEdge/lib/libnuitrack.dll
Fallback handler could not load library C:/Program Files/Unity/Hub/Editor/2021.3.8f1/Editor/Data/MonoBleedingEdge/lib/libnuitrack.dll
Fallback handler could not load library C:/Program Files/Unity/Hub/Editor/2021.3.8f1/Editor/Data/MonoBleedingEdge/lib/libnuitrack
Fallback handler could not load library C:/Program Files/Unity/Hub/Editor/2021.3.8f1/Editor/Data/MonoBleedingEdge/lib/libnuitrack
Fallback handler could not load library C:/Program Files/Unity/Hub/Editor/2021.3.8f1/Editor/Data/MonoBleedingEdge/lib/libnuitrack.dll
Fallback handler could not load library C:/Program Files/Unity/Hub/Editor/2021.3.8f1/Editor/Data/MonoBleedingEdge/lib/libnuitrack.dll
Fallback handler could not load library C:/Program Files/Unity/Hub/Editor/2021.3.8f1/Editor/Data/MonoBleedingEdge/lib/libnuitrack
<color=red><b>Test Nuitrack init failed!</b></color>
<color=red><b>It is recommended to test on AllModulesScene. (Start the scene and follow the on-screen instructions)</b></color>
Current Scripting Backend Mono2x  Target:Standalone
UnityEngine.StackTraceUtility:ExtractStackTrace ()
UnityEngine.DebugLogHandler:LogFormat (UnityEngine.LogType,UnityEngine.Object,string,object[])
UnityEngine.Logger:Log (UnityEngine.LogType,object)
UnityEngine.Debug:Log (object)
NuitrackSDKEditor.ErrorSolver.NuitrackChecker:PingNuitrack () (at Assets/NuitrackSDK/Nuitrack/Scripts/Editor/ErrorSolver/NuitrackChecker.cs:89)
NuitrackSDKEditor.ErrorSolver.NuitrackChecker:.cctor () (at Assets/NuitrackSDK/Nuitrack/Scripts/Editor/ErrorSolver/NuitrackChecker.cs:20)
System.Runtime.CompilerServices.RuntimeHelpers:RunClassConstructor (System.RuntimeTypeHandle)
UnityEditor.EditorAssemblies:ProcessInitializeOnLoadAttributes (System.Type[])

(Filename: Assets/NuitrackSDK/Nuitrack/Scripts/Editor/ErrorSolver/NuitrackChecker.cs Line: 89)

System.DllNotFoundException: libnuitrack assembly:<unknown assembly> type:<unknown type> member:(null)
  at (wrapper managed-to-native) nuitrack.NativeImporter.nuitrack_InitializeFromConfig_E(string,intptr&)
  at nuitrack.NativeNuitrack.Init (System.String config) [0x00006] in <057f99c1c0624ebab0b6fa7b4951aaa2>:0 
  at nuitrack.Nuitrack.Init (System.String config, nuitrack.Nuitrack+NuitrackMode mode) [0x00029] in <057f99c1c0624ebab0b6fa7b4951aaa2>:0 
  at NuitrackSDKEditor.ErrorSolver.NuitrackChecker.PingNuitrack () [0x00088] in D:\Documentos\UCSP\CCOMP\2022 - II\IHC\Parcial\Test for presentation 1\Assets\NuitrackSDK\Nuitrack\Scripts\Editor\ErrorSolver\NuitrackChecker.cs:49 
UnityEngine.StackTraceUtility:ExtractStackTrace ()
UnityEngine.DebugLogHandler:LogFormat (UnityEngine.LogType,UnityEngine.Object,string,object[])
UnityEngine.Logger:Log (UnityEngine.LogType,object)
UnityEngine.Debug:Log (object)
NuitrackSDKEditor.ErrorSolver.NuitrackChecker:PingNuitrack () (at Assets/NuitrackSDK/Nuitrack/Scripts/Editor/ErrorSolver/NuitrackChecker.cs:92)
NuitrackSDKEditor.ErrorSolver.NuitrackChecker:.cctor () (at Assets/NuitrackSDK/Nuitrack/Scripts/Editor/ErrorSolver/NuitrackChecker.cs:20)
System.Runtime.CompilerServices.RuntimeHelpers:RunClassConstructor (System.RuntimeTypeHandle)
UnityEditor.EditorAssemblies:ProcessInitializeOnLoadAttributes (System.Type[])

(Filename: Assets/NuitrackSDK/Nuitrack/Scripts/Editor/ErrorSolver/NuitrackChecker.cs Line: 92)

Mono: successfully reloaded assembly
- Completed reload, in  0.705 seconds
Domain Reload Profiling:
	ReloadAssembly (706ms)
		BeginReloadAssembly (101ms)
			ExecutionOrderSort (0ms)
			DisableScriptedObjects (7ms)
			BackupInstance (0ms)
			ReleaseScriptingObjects (0ms)
			CreateAndSetChildDomain (30ms)
		EndReloadAssembly (539ms)
			LoadAssemblies (54ms)
			RebuildTransferFunctionScriptingTraits (0ms)
			SetupTypeCache (189ms)
			ReleaseScriptCaches (1ms)
			RebuildScriptCaches (27ms)
			SetupLoadedEditorAssemblies (238ms)
				LogAssemblyErrors (0ms)
				InitializePlatformSupportModulesInManaged (11ms)
				SetLoadedEditorAssemblies (0ms)
				RefreshPlugins (1ms)
				BeforeProcessingInitializeOnLoad (48ms)
				ProcessInitializeOnLoadAttributes (152ms)
				ProcessInitializeOnLoadMethodAttributes (20ms)
				AfterProcessingInitializeOnLoad (6ms)
				EditorAssembliesLoaded (0ms)
			ExecutionOrderSort2 (0ms)
			AwakeInstancesAfterBackupRestoration (4ms)
Platform modules already initialized, skipping
Refreshing native plugins compatible for Editor in 1.50 ms, found 3 plugins.
Preloading 0 native plugins for Editor in 0.00 ms.
Unloading 3553 Unused Serialized files (Serialized files now loaded: 0)
Unloading 28 unused Assets / (326.2 KB). Loaded Objects now: 4094.
Memory consumption went from 134.1 MB to 133.8 MB.
Total: 2.800000 ms (FindLiveObjects: 0.317400 ms CreateObjectMapping: 0.148700 ms MarkObjects: 2.209700 ms  DeleteObjects: 0.123600 ms)

AssetImportParameters requested are different than current active one (requested -> active):
  custom:video-decoder-ogg-theora: a1e56fd34408186e4bbccfd4996cb3dc -> 
  custom:container-muxer-webm: aa71ff27fc2769a1b78a27578f13a17b -> 
  custom:container-demuxer-webm: 4f35f7cbe854078d1ac9338744f61a02 -> 
  custom:video-encoder-webm-vp8: eb34c28f22e8b96e1ab97ce403110664 -> 
  custom:audio-encoder-webm-vorbis: bf7c407c2cedff20999df2af8eb42d56 -> 
  custom:framework-win-MediaFoundation: 216162199b28c13a410421893ffa2e32 -> 
  custom:container-demuxer-ogg: 62fdf1f143b41e24485cea50d1cbac27 -> 
  custom:video-decoder-webm-vp8: 9c59270c3fd7afecdb556c50c9e8de78 -> 
  custom:audio-decoder-ogg-vorbis: bf7c407c2cedff20999df2af8eb42d56 -> 
========================================================================
Received Import Request.
  Time since last request: 325.849364 seconds.
  path: Assets/Animations/Jacket_subMenu.controller
  artifactKey: Guid(6e3bcb8cd1c0f054896d30b84718508d) Importer(815301076,1909f56bfc062723c751e8b465ee728b)
Start importing Assets/Animations/Jacket_subMenu.controller using Guid(6e3bcb8cd1c0f054896d30b84718508d) Importer(815301076,1909f56bfc062723c751e8b465ee728b)  -> (artifact id: 'e49572125423994a4df68fd62f1654c4') in 0.019397 seconds 
========================================================================
Received Import Request.
  Time since last request: 19.940433 seconds.
  path: Assets/Animations/Dress_subMenu.controller
  artifactKey: Guid(8f074141d29d6db44a0d74ebec6f202d) Importer(815301076,1909f56bfc062723c751e8b465ee728b)
Start importing Assets/Animations/Dress_subMenu.controller using Guid(8f074141d29d6db44a0d74ebec6f202d) Importer(815301076,1909f56bfc062723c751e8b465ee728b)  -> (artifact id: 'a8741458b15b6862056550c190727eb7') in 0.004800 seconds 
========================================================================
Received Prepare
Registering precompiled user dll's ...
Registered in 0.002849 seconds.
Begin MonoManager ReloadAssembly
Symbol file LoadedFromMemory doesn't match image D:\Documentos\UCSP\CCOMP\2022 - II\IHC\Parcial\Test for presentation 1\Library\PackageCache\com.unity.visualscripting@1.7.8\Editor\VisualScripting.Core\Dependencies\YamlDotNet\Unity.VisualScripting.YamlDotNet.dll
Symbol file LoadedFromMemory doesn't match image D:\Documentos\UCSP\CCOMP\2022 - II\IHC\Parcial\Test for presentation 1\Library\PackageCache\com.unity.visualscripting@1.7.8\Editor\VisualScripting.Core\Dependencies\DotNetZip\Unity.VisualScripting.IonicZip.dll
Native extension for WindowsStandalone target not found
Native extension for WebGL target not found
Refreshing native plugins compatible for Editor in 0.66 ms, found 3 plugins.
Preloading 0 native plugins for Editor in 0.00 ms.
Fallback handler could not load library C:/Program Files/Unity/Hub/Editor/2021.3.8f1/Editor/Data/MonoBleedingEdge/lib/libnuitrack
Fallback handler could not load library C:/Program Files/Unity/Hub/Editor/2021.3.8f1/Editor/Data/MonoBleedingEdge/lib/libnuitrack.dll
Fallback handler could not load library C:/Program Files/Unity/Hub/Editor/2021.3.8f1/Editor/Data/MonoBleedingEdge/lib/libnuitrack.dll
Fallback handler could not load library C:/Program Files/Unity/Hub/Editor/2021.3.8f1/Editor/Data/MonoBleedingEdge/lib/libnuitrack
Fallback handler could not load library C:/Program Files/Unity/Hub/Editor/2021.3.8f1/Editor/Data/MonoBleedingEdge/lib/libnuitrack
Fallback handler could not load library C:/Program Files/Unity/Hub/Editor/2021.3.8f1/Editor/Data/MonoBleedingEdge/lib/libnuitrack.dll
Fallback handler could not load library C:/Program Files/Unity/Hub/Editor/2021.3.8f1/Editor/Data/MonoBleedingEdge/lib/libnuitrack.dll
Fallback handler could not load library C:/Program Files/Unity/Hub/Editor/2021.3.8f1/Editor/Data/MonoBleedingEdge/lib/libnuitrack
<color=red><b>Test Nuitrack init failed!</b></color>
<color=red><b>It is recommended to test on AllModulesScene. (Start the scene and follow the on-screen instructions)</b></color>
Current Scripting Backend Mono2x  Target:Standalone
UnityEngine.StackTraceUtility:ExtractStackTrace ()
UnityEngine.DebugLogHandler:LogFormat (UnityEngine.LogType,UnityEngine.Object,string,object[])
UnityEngine.Logger:Log (UnityEngine.LogType,object)
UnityEngine.Debug:Log (object)
NuitrackSDKEditor.ErrorSolver.NuitrackChecker:PingNuitrack () (at Assets/NuitrackSDK/Nuitrack/Scripts/Editor/ErrorSolver/NuitrackChecker.cs:89)
NuitrackSDKEditor.ErrorSolver.NuitrackChecker:.cctor () (at Assets/NuitrackSDK/Nuitrack/Scripts/Editor/ErrorSolver/NuitrackChecker.cs:20)
System.Runtime.CompilerServices.RuntimeHelpers:RunClassConstructor (System.RuntimeTypeHandle)
UnityEditor.EditorAssemblies:ProcessInitializeOnLoadAttributes (System.Type[])

(Filename: Assets/NuitrackSDK/Nuitrack/Scripts/Editor/ErrorSolver/NuitrackChecker.cs Line: 89)

System.DllNotFoundException: libnuitrack assembly:<unknown assembly> type:<unknown type> member:(null)
  at (wrapper managed-to-native) nuitrack.NativeImporter.nuitrack_InitializeFromConfig_E(string,intptr&)
  at nuitrack.NativeNuitrack.Init (System.String config) [0x00006] in <057f99c1c0624ebab0b6fa7b4951aaa2>:0 
  at nuitrack.Nuitrack.Init (System.String config, nuitrack.Nuitrack+NuitrackMode mode) [0x00029] in <057f99c1c0624ebab0b6fa7b4951aaa2>:0 
  at NuitrackSDKEditor.ErrorSolver.NuitrackChecker.PingNuitrack () [0x00088] in D:\Documentos\UCSP\CCOMP\2022 - II\IHC\Parcial\Test for presentation 1\Assets\NuitrackSDK\Nuitrack\Scripts\Editor\ErrorSolver\NuitrackChecker.cs:49 
UnityEngine.StackTraceUtility:ExtractStackTrace ()
UnityEngine.DebugLogHandler:LogFormat (UnityEngine.LogType,UnityEngine.Object,string,object[])
UnityEngine.Logger:Log (UnityEngine.LogType,object)
UnityEngine.Debug:Log (object)
NuitrackSDKEditor.ErrorSolver.NuitrackChecker:PingNuitrack () (at Assets/NuitrackSDK/Nuitrack/Scripts/Editor/ErrorSolver/NuitrackChecker.cs:92)
NuitrackSDKEditor.ErrorSolver.NuitrackChecker:.cctor () (at Assets/NuitrackSDK/Nuitrack/Scripts/Editor/ErrorSolver/NuitrackChecker.cs:20)
System.Runtime.CompilerServices.RuntimeHelpers:RunClassConstructor (System.RuntimeTypeHandle)
UnityEditor.EditorAssemblies:ProcessInitializeOnLoadAttributes (System.Type[])

(Filename: Assets/NuitrackSDK/Nuitrack/Scripts/Editor/ErrorSolver/NuitrackChecker.cs Line: 92)

Mono: successfully reloaded assembly
- Completed reload, in  0.707 seconds
Domain Reload Profiling:
	ReloadAssembly (708ms)
		BeginReloadAssembly (99ms)
			ExecutionOrderSort (0ms)
			DisableScriptedObjects (4ms)
			BackupInstance (0ms)
			ReleaseScriptingObjects (0ms)
			CreateAndSetChildDomain (29ms)
		EndReloadAssembly (536ms)
			LoadAssemblies (56ms)
			RebuildTransferFunctionScriptingTraits (0ms)
			SetupTypeCache (179ms)
			ReleaseScriptCaches (1ms)
			RebuildScriptCaches (29ms)
			SetupLoadedEditorAssemblies (247ms)
				LogAssemblyErrors (0ms)
				InitializePlatformSupportModulesInManaged (10ms)
				SetLoadedEditorAssemblies (0ms)
				RefreshPlugins (1ms)
				BeforeProcessingInitializeOnLoad (49ms)
				ProcessInitializeOnLoadAttributes (160ms)
				ProcessInitializeOnLoadMethodAttributes (20ms)
				AfterProcessingInitializeOnLoad (6ms)
				EditorAssembliesLoaded (0ms)
			ExecutionOrderSort2 (0ms)
			AwakeInstancesAfterBackupRestoration (4ms)
Platform modules already initialized, skipping
Refreshing native plugins compatible for Editor in 1.49 ms, found 3 plugins.
Preloading 0 native plugins for Editor in 0.00 ms.
Unloading 3553 Unused Serialized files (Serialized files now loaded: 0)
Unloading 28 unused Assets / (326.3 KB). Loaded Objects now: 4097.
Memory consumption went from 134.1 MB to 133.8 MB.
Total: 2.655900 ms (FindLiveObjects: 0.210800 ms CreateObjectMapping: 0.153400 ms MarkObjects: 2.171000 ms  DeleteObjects: 0.120100 ms)

AssetImportParameters requested are different than current active one (requested -> active):
  custom:video-decoder-ogg-theora: a1e56fd34408186e4bbccfd4996cb3dc -> 
  custom:container-muxer-webm: aa71ff27fc2769a1b78a27578f13a17b -> 
  custom:container-demuxer-webm: 4f35f7cbe854078d1ac9338744f61a02 -> 
  custom:video-encoder-webm-vp8: eb34c28f22e8b96e1ab97ce403110664 -> 
  custom:audio-encoder-webm-vorbis: bf7c407c2cedff20999df2af8eb42d56 -> 
  custom:framework-win-MediaFoundation: 216162199b28c13a410421893ffa2e32 -> 
  custom:container-demuxer-ogg: 62fdf1f143b41e24485cea50d1cbac27 -> 
  custom:video-decoder-webm-vp8: 9c59270c3fd7afecdb556c50c9e8de78 -> 
  custom:audio-decoder-ogg-vorbis: bf7c407c2cedff20999df2af8eb42d56 -> 
========================================================================
Received Prepare
Registering precompiled user dll's ...
Registered in 0.004405 seconds.
Begin MonoManager ReloadAssembly
Symbol file LoadedFromMemory doesn't match image D:\Documentos\UCSP\CCOMP\2022 - II\IHC\Parcial\Test for presentation 1\Library\PackageCache\com.unity.visualscripting@1.7.8\Editor\VisualScripting.Core\Dependencies\YamlDotNet\Unity.VisualScripting.YamlDotNet.dll
Symbol file LoadedFromMemory doesn't match image D:\Documentos\UCSP\CCOMP\2022 - II\IHC\Parcial\Test for presentation 1\Library\PackageCache\com.unity.visualscripting@1.7.8\Editor\VisualScripting.Core\Dependencies\DotNetZip\Unity.VisualScripting.IonicZip.dll
Native extension for WindowsStandalone target not found
Native extension for WebGL target not found
Refreshing native plugins compatible for Editor in 0.60 ms, found 3 plugins.
Preloading 0 native plugins for Editor in 0.00 ms.
Fallback handler could not load library C:/Program Files/Unity/Hub/Editor/2021.3.8f1/Editor/Data/MonoBleedingEdge/lib/libnuitrack
Fallback handler could not load library C:/Program Files/Unity/Hub/Editor/2021.3.8f1/Editor/Data/MonoBleedingEdge/lib/libnuitrack.dll
Fallback handler could not load library C:/Program Files/Unity/Hub/Editor/2021.3.8f1/Editor/Data/MonoBleedingEdge/lib/libnuitrack.dll
Fallback handler could not load library C:/Program Files/Unity/Hub/Editor/2021.3.8f1/Editor/Data/MonoBleedingEdge/lib/libnuitrack
Fallback handler could not load library C:/Program Files/Unity/Hub/Editor/2021.3.8f1/Editor/Data/MonoBleedingEdge/lib/libnuitrack
Fallback handler could not load library C:/Program Files/Unity/Hub/Editor/2021.3.8f1/Editor/Data/MonoBleedingEdge/lib/libnuitrack.dll
Fallback handler could not load library C:/Program Files/Unity/Hub/Editor/2021.3.8f1/Editor/Data/MonoBleedingEdge/lib/libnuitrack.dll
Fallback handler could not load library C:/Program Files/Unity/Hub/Editor/2021.3.8f1/Editor/Data/MonoBleedingEdge/lib/libnuitrack
<color=red><b>Test Nuitrack init failed!</b></color>
<color=red><b>It is recommended to test on AllModulesScene. (Start the scene and follow the on-screen instructions)</b></color>
Current Scripting Backend Mono2x  Target:Standalone
UnityEngine.StackTraceUtility:ExtractStackTrace ()
UnityEngine.DebugLogHandler:LogFormat (UnityEngine.LogType,UnityEngine.Object,string,object[])
UnityEngine.Logger:Log (UnityEngine.LogType,object)
UnityEngine.Debug:Log (object)
NuitrackSDKEditor.ErrorSolver.NuitrackChecker:PingNuitrack () (at Assets/NuitrackSDK/Nuitrack/Scripts/Editor/ErrorSolver/NuitrackChecker.cs:89)
NuitrackSDKEditor.ErrorSolver.NuitrackChecker:.cctor () (at Assets/NuitrackSDK/Nuitrack/Scripts/Editor/ErrorSolver/NuitrackChecker.cs:20)
System.Runtime.CompilerServices.RuntimeHelpers:RunClassConstructor (System.RuntimeTypeHandle)
UnityEditor.EditorAssemblies:ProcessInitializeOnLoadAttributes (System.Type[])

(Filename: Assets/NuitrackSDK/Nuitrack/Scripts/Editor/ErrorSolver/NuitrackChecker.cs Line: 89)

System.DllNotFoundException: libnuitrack assembly:<unknown assembly> type:<unknown type> member:(null)
  at (wrapper managed-to-native) nuitrack.NativeImporter.nuitrack_InitializeFromConfig_E(string,intptr&)
  at nuitrack.NativeNuitrack.Init (System.String config) [0x00006] in <057f99c1c0624ebab0b6fa7b4951aaa2>:0 
  at nuitrack.Nuitrack.Init (System.String config, nuitrack.Nuitrack+NuitrackMode mode) [0x00029] in <057f99c1c0624ebab0b6fa7b4951aaa2>:0 
  at NuitrackSDKEditor.ErrorSolver.NuitrackChecker.PingNuitrack () [0x00088] in D:\Documentos\UCSP\CCOMP\2022 - II\IHC\Parcial\Test for presentation 1\Assets\NuitrackSDK\Nuitrack\Scripts\Editor\ErrorSolver\NuitrackChecker.cs:49 
UnityEngine.StackTraceUtility:ExtractStackTrace ()
UnityEngine.DebugLogHandler:LogFormat (UnityEngine.LogType,UnityEngine.Object,string,object[])
UnityEngine.Logger:Log (UnityEngine.LogType,object)
UnityEngine.Debug:Log (object)
NuitrackSDKEditor.ErrorSolver.NuitrackChecker:PingNuitrack () (at Assets/NuitrackSDK/Nuitrack/Scripts/Editor/ErrorSolver/NuitrackChecker.cs:92)
NuitrackSDKEditor.ErrorSolver.NuitrackChecker:.cctor () (at Assets/NuitrackSDK/Nuitrack/Scripts/Editor/ErrorSolver/NuitrackChecker.cs:20)
System.Runtime.CompilerServices.RuntimeHelpers:RunClassConstructor (System.RuntimeTypeHandle)
UnityEditor.EditorAssemblies:ProcessInitializeOnLoadAttributes (System.Type[])

(Filename: Assets/NuitrackSDK/Nuitrack/Scripts/Editor/ErrorSolver/NuitrackChecker.cs Line: 92)

Mono: successfully reloaded assembly
- Completed reload, in  0.687 seconds
Domain Reload Profiling:
	ReloadAssembly (687ms)
		BeginReloadAssembly (100ms)
			ExecutionOrderSort (0ms)
			DisableScriptedObjects (5ms)
			BackupInstance (0ms)
			ReleaseScriptingObjects (0ms)
			CreateAndSetChildDomain (29ms)
		EndReloadAssembly (521ms)
			LoadAssemblies (54ms)
			RebuildTransferFunctionScriptingTraits (0ms)
			SetupTypeCache (174ms)
			ReleaseScriptCaches (1ms)
			RebuildScriptCaches (28ms)
			SetupLoadedEditorAssemblies (236ms)
				LogAssemblyErrors (0ms)
				InitializePlatformSupportModulesInManaged (10ms)
				SetLoadedEditorAssemblies (0ms)
				RefreshPlugins (1ms)
				BeforeProcessingInitializeOnLoad (48ms)
				ProcessInitializeOnLoadAttributes (152ms)
				ProcessInitializeOnLoadMethodAttributes (20ms)
				AfterProcessingInitializeOnLoad (6ms)
				EditorAssembliesLoaded (0ms)
			ExecutionOrderSort2 (0ms)
			AwakeInstancesAfterBackupRestoration (4ms)
Platform modules already initialized, skipping
Refreshing native plugins compatible for Editor in 1.32 ms, found 3 plugins.
Preloading 0 native plugins for Editor in 0.00 ms.
Unloading 3553 Unused Serialized files (Serialized files now loaded: 0)
Unloading 28 unused Assets / (326.2 KB). Loaded Objects now: 4100.
Memory consumption went from 134.1 MB to 133.8 MB.
Total: 2.271800 ms (FindLiveObjects: 0.195700 ms CreateObjectMapping: 0.070300 ms MarkObjects: 1.906000 ms  DeleteObjects: 0.099200 ms)

AssetImportParameters requested are different than current active one (requested -> active):
  custom:video-decoder-ogg-theora: a1e56fd34408186e4bbccfd4996cb3dc -> 
  custom:container-muxer-webm: aa71ff27fc2769a1b78a27578f13a17b -> 
  custom:container-demuxer-webm: 4f35f7cbe854078d1ac9338744f61a02 -> 
  custom:video-encoder-webm-vp8: eb34c28f22e8b96e1ab97ce403110664 -> 
  custom:audio-encoder-webm-vorbis: bf7c407c2cedff20999df2af8eb42d56 -> 
  custom:framework-win-MediaFoundation: 216162199b28c13a410421893ffa2e32 -> 
  custom:container-demuxer-ogg: 62fdf1f143b41e24485cea50d1cbac27 -> 
  custom:video-decoder-webm-vp8: 9c59270c3fd7afecdb556c50c9e8de78 -> 
  custom:audio-decoder-ogg-vorbis: bf7c407c2cedff20999df2af8eb42d56 -> 
========================================================================
Received Import Request.
  Time since last request: 657.965521 seconds.
  path: Assets/Animations/Female_panel.controller
  artifactKey: Guid(8b02f2da2a01878439154d95251d1cd5) Importer(815301076,1909f56bfc062723c751e8b465ee728b)
Start importing Assets/Animations/Female_panel.controller using Guid(8b02f2da2a01878439154d95251d1cd5) Importer(815301076,1909f56bfc062723c751e8b465ee728b)  -> (artifact id: 'f9a9eac339171c7972fed85548090417') in 0.018819 seconds 
========================================================================
Received Import Request.
  Time since last request: 14.946786 seconds.
  path: Assets/Animations/Male_panel.controller
  artifactKey: Guid(18244b65359412f40a8febb753213357) Importer(815301076,1909f56bfc062723c751e8b465ee728b)
Start importing Assets/Animations/Male_panel.controller using Guid(18244b65359412f40a8febb753213357) Importer(815301076,1909f56bfc062723c751e8b465ee728b)  -> (artifact id: '3f31dfd0922013b7becdb7309a405584') in 0.004973 seconds 
========================================================================
Received Import Request.
  Time since last request: 80.222791 seconds.
  path: Assets/Animations/Female_btn.controller
  artifactKey: Guid(e170f87f3e7fa51419ad5baa78d76386) Importer(815301076,1909f56bfc062723c751e8b465ee728b)
Start importing Assets/Animations/Female_btn.controller using Guid(e170f87f3e7fa51419ad5baa78d76386) Importer(815301076,1909f56bfc062723c751e8b465ee728b)  -> (artifact id: '43e09388df6cd85b7f5e0a1a93c181de') in 0.005570 seconds 
========================================================================
Received Prepare
Registering precompiled user dll's ...
Registered in 0.002891 seconds.
Begin MonoManager ReloadAssembly
Symbol file LoadedFromMemory doesn't match image D:\Documentos\UCSP\CCOMP\2022 - II\IHC\Parcial\Test for presentation 1\Library\PackageCache\com.unity.visualscripting@1.7.8\Editor\VisualScripting.Core\Dependencies\YamlDotNet\Unity.VisualScripting.YamlDotNet.dll
Symbol file LoadedFromMemory doesn't match image D:\Documentos\UCSP\CCOMP\2022 - II\IHC\Parcial\Test for presentation 1\Library\PackageCache\com.unity.visualscripting@1.7.8\Editor\VisualScripting.Core\Dependencies\DotNetZip\Unity.VisualScripting.IonicZip.dll
Native extension for WindowsStandalone target not found
Native extension for WebGL target not found
Refreshing native plugins compatible for Editor in 0.67 ms, found 3 plugins.
Preloading 0 native plugins for Editor in 0.00 ms.
Fallback handler could not load library C:/Program Files/Unity/Hub/Editor/2021.3.8f1/Editor/Data/MonoBleedingEdge/lib/libnuitrack
Fallback handler could not load library C:/Program Files/Unity/Hub/Editor/2021.3.8f1/Editor/Data/MonoBleedingEdge/lib/libnuitrack.dll
Fallback handler could not load library C:/Program Files/Unity/Hub/Editor/2021.3.8f1/Editor/Data/MonoBleedingEdge/lib/libnuitrack.dll
Fallback handler could not load library C:/Program Files/Unity/Hub/Editor/2021.3.8f1/Editor/Data/MonoBleedingEdge/lib/libnuitrack
Fallback handler could not load library C:/Program Files/Unity/Hub/Editor/2021.3.8f1/Editor/Data/MonoBleedingEdge/lib/libnuitrack
Fallback handler could not load library C:/Program Files/Unity/Hub/Editor/2021.3.8f1/Editor/Data/MonoBleedingEdge/lib/libnuitrack.dll
Fallback handler could not load library C:/Program Files/Unity/Hub/Editor/2021.3.8f1/Editor/Data/MonoBleedingEdge/lib/libnuitrack.dll
Fallback handler could not load library C:/Program Files/Unity/Hub/Editor/2021.3.8f1/Editor/Data/MonoBleedingEdge/lib/libnuitrack
<color=red><b>Test Nuitrack init failed!</b></color>
<color=red><b>It is recommended to test on AllModulesScene. (Start the scene and follow the on-screen instructions)</b></color>
Current Scripting Backend Mono2x  Target:Standalone
UnityEngine.StackTraceUtility:ExtractStackTrace ()
UnityEngine.DebugLogHandler:LogFormat (UnityEngine.LogType,UnityEngine.Object,string,object[])
UnityEngine.Logger:Log (UnityEngine.LogType,object)
UnityEngine.Debug:Log (object)
NuitrackSDKEditor.ErrorSolver.NuitrackChecker:PingNuitrack () (at Assets/NuitrackSDK/Nuitrack/Scripts/Editor/ErrorSolver/NuitrackChecker.cs:89)
NuitrackSDKEditor.ErrorSolver.NuitrackChecker:.cctor () (at Assets/NuitrackSDK/Nuitrack/Scripts/Editor/ErrorSolver/NuitrackChecker.cs:20)
System.Runtime.CompilerServices.RuntimeHelpers:RunClassConstructor (System.RuntimeTypeHandle)
UnityEditor.EditorAssemblies:ProcessInitializeOnLoadAttributes (System.Type[])

(Filename: Assets/NuitrackSDK/Nuitrack/Scripts/Editor/ErrorSolver/NuitrackChecker.cs Line: 89)

System.DllNotFoundException: libnuitrack assembly:<unknown assembly> type:<unknown type> member:(null)
  at (wrapper managed-to-native) nuitrack.NativeImporter.nuitrack_InitializeFromConfig_E(string,intptr&)
  at nuitrack.NativeNuitrack.Init (System.String config) [0x00006] in <057f99c1c0624ebab0b6fa7b4951aaa2>:0 
  at nuitrack.Nuitrack.Init (System.String config, nuitrack.Nuitrack+NuitrackMode mode) [0x00029] in <057f99c1c0624ebab0b6fa7b4951aaa2>:0 
  at NuitrackSDKEditor.ErrorSolver.NuitrackChecker.PingNuitrack () [0x00088] in D:\Documentos\UCSP\CCOMP\2022 - II\IHC\Parcial\Test for presentation 1\Assets\NuitrackSDK\Nuitrack\Scripts\Editor\ErrorSolver\NuitrackChecker.cs:49 
UnityEngine.StackTraceUtility:ExtractStackTrace ()
UnityEngine.DebugLogHandler:LogFormat (UnityEngine.LogType,UnityEngine.Object,string,object[])
UnityEngine.Logger:Log (UnityEngine.LogType,object)
UnityEngine.Debug:Log (object)
NuitrackSDKEditor.ErrorSolver.NuitrackChecker:PingNuitrack () (at Assets/NuitrackSDK/Nuitrack/Scripts/Editor/ErrorSolver/NuitrackChecker.cs:92)
NuitrackSDKEditor.ErrorSolver.NuitrackChecker:.cctor () (at Assets/NuitrackSDK/Nuitrack/Scripts/Editor/ErrorSolver/NuitrackChecker.cs:20)
System.Runtime.CompilerServices.RuntimeHelpers:RunClassConstructor (System.RuntimeTypeHandle)
UnityEditor.EditorAssemblies:ProcessInitializeOnLoadAttributes (System.Type[])

(Filename: Assets/NuitrackSDK/Nuitrack/Scripts/Editor/ErrorSolver/NuitrackChecker.cs Line: 92)

Mono: successfully reloaded assembly
- Completed reload, in  0.723 seconds
Domain Reload Profiling:
	ReloadAssembly (724ms)
		BeginReloadAssembly (100ms)
			ExecutionOrderSort (0ms)
			DisableScriptedObjects (4ms)
			BackupInstance (0ms)
			ReleaseScriptingObjects (0ms)
			CreateAndSetChildDomain (31ms)
		EndReloadAssembly (547ms)
			LoadAssemblies (52ms)
			RebuildTransferFunctionScriptingTraits (0ms)
			SetupTypeCache (171ms)
			ReleaseScriptCaches (1ms)
			RebuildScriptCaches (31ms)
			SetupLoadedEditorAssemblies (261ms)
				LogAssemblyErrors (0ms)
				InitializePlatformSupportModulesInManaged (11ms)
				SetLoadedEditorAssemblies (1ms)
				RefreshPlugins (1ms)
				BeforeProcessingInitializeOnLoad (53ms)
				ProcessInitializeOnLoadAttributes (167ms)
				ProcessInitializeOnLoadMethodAttributes (22ms)
				AfterProcessingInitializeOnLoad (6ms)
				EditorAssembliesLoaded (0ms)
			ExecutionOrderSort2 (0ms)
			AwakeInstancesAfterBackupRestoration (4ms)
Platform modules already initialized, skipping
Refreshing native plugins compatible for Editor in 1.46 ms, found 3 plugins.
Preloading 0 native plugins for Editor in 0.00 ms.
Unloading 3553 Unused Serialized files (Serialized files now loaded: 0)
Unloading 28 unused Assets / (326.3 KB). Loaded Objects now: 4103.
Memory consumption went from 134.2 MB to 133.8 MB.
Total: 2.610600 ms (FindLiveObjects: 0.309500 ms CreateObjectMapping: 0.152200 ms MarkObjects: 2.031600 ms  DeleteObjects: 0.116600 ms)

AssetImportParameters requested are different than current active one (requested -> active):
  custom:video-decoder-ogg-theora: a1e56fd34408186e4bbccfd4996cb3dc -> 
  custom:container-muxer-webm: aa71ff27fc2769a1b78a27578f13a17b -> 
  custom:container-demuxer-webm: 4f35f7cbe854078d1ac9338744f61a02 -> 
  custom:video-encoder-webm-vp8: eb34c28f22e8b96e1ab97ce403110664 -> 
  custom:audio-encoder-webm-vorbis: bf7c407c2cedff20999df2af8eb42d56 -> 
  custom:framework-win-MediaFoundation: 216162199b28c13a410421893ffa2e32 -> 
  custom:container-demuxer-ogg: 62fdf1f143b41e24485cea50d1cbac27 -> 
  custom:video-decoder-webm-vp8: 9c59270c3fd7afecdb556c50c9e8de78 -> 
  custom:audio-decoder-ogg-vorbis: bf7c407c2cedff20999df2af8eb42d56 -> 
========================================================================
Received Prepare
Registering precompiled user dll's ...
Registered in 0.002924 seconds.
Begin MonoManager ReloadAssembly
Symbol file LoadedFromMemory doesn't match image D:\Documentos\UCSP\CCOMP\2022 - II\IHC\Parcial\Test for presentation 1\Library\PackageCache\com.unity.visualscripting@1.7.8\Editor\VisualScripting.Core\Dependencies\YamlDotNet\Unity.VisualScripting.YamlDotNet.dll
Symbol file LoadedFromMemory doesn't match image D:\Documentos\UCSP\CCOMP\2022 - II\IHC\Parcial\Test for presentation 1\Library\PackageCache\com.unity.visualscripting@1.7.8\Editor\VisualScripting.Core\Dependencies\DotNetZip\Unity.VisualScripting.IonicZip.dll
Native extension for WindowsStandalone target not found
Native extension for WebGL target not found
Refreshing native plugins compatible for Editor in 0.67 ms, found 3 plugins.
Preloading 0 native plugins for Editor in 0.00 ms.
Fallback handler could not load library C:/Program Files/Unity/Hub/Editor/2021.3.8f1/Editor/Data/MonoBleedingEdge/lib/libnuitrack
Fallback handler could not load library C:/Program Files/Unity/Hub/Editor/2021.3.8f1/Editor/Data/MonoBleedingEdge/lib/libnuitrack.dll
Fallback handler could not load library C:/Program Files/Unity/Hub/Editor/2021.3.8f1/Editor/Data/MonoBleedingEdge/lib/libnuitrack.dll
Fallback handler could not load library C:/Program Files/Unity/Hub/Editor/2021.3.8f1/Editor/Data/MonoBleedingEdge/lib/libnuitrack
Fallback handler could not load library C:/Program Files/Unity/Hub/Editor/2021.3.8f1/Editor/Data/MonoBleedingEdge/lib/libnuitrack
Fallback handler could not load library C:/Program Files/Unity/Hub/Editor/2021.3.8f1/Editor/Data/MonoBleedingEdge/lib/libnuitrack.dll
Fallback handler could not load library C:/Program Files/Unity/Hub/Editor/2021.3.8f1/Editor/Data/MonoBleedingEdge/lib/libnuitrack.dll
Fallback handler could not load library C:/Program Files/Unity/Hub/Editor/2021.3.8f1/Editor/Data/MonoBleedingEdge/lib/libnuitrack
<color=red><b>Test Nuitrack init failed!</b></color>
<color=red><b>It is recommended to test on AllModulesScene. (Start the scene and follow the on-screen instructions)</b></color>
Current Scripting Backend Mono2x  Target:Standalone
UnityEngine.StackTraceUtility:ExtractStackTrace ()
UnityEngine.DebugLogHandler:LogFormat (UnityEngine.LogType,UnityEngine.Object,string,object[])
UnityEngine.Logger:Log (UnityEngine.LogType,object)
UnityEngine.Debug:Log (object)
NuitrackSDKEditor.ErrorSolver.NuitrackChecker:PingNuitrack () (at Assets/NuitrackSDK/Nuitrack/Scripts/Editor/ErrorSolver/NuitrackChecker.cs:89)
NuitrackSDKEditor.ErrorSolver.NuitrackChecker:.cctor () (at Assets/NuitrackSDK/Nuitrack/Scripts/Editor/ErrorSolver/NuitrackChecker.cs:20)
System.Runtime.CompilerServices.RuntimeHelpers:RunClassConstructor (System.RuntimeTypeHandle)
UnityEditor.EditorAssemblies:ProcessInitializeOnLoadAttributes (System.Type[])

(Filename: Assets/NuitrackSDK/Nuitrack/Scripts/Editor/ErrorSolver/NuitrackChecker.cs Line: 89)

System.DllNotFoundException: libnuitrack assembly:<unknown assembly> type:<unknown type> member:(null)
  at (wrapper managed-to-native) nuitrack.NativeImporter.nuitrack_InitializeFromConfig_E(string,intptr&)
  at nuitrack.NativeNuitrack.Init (System.String config) [0x00006] in <057f99c1c0624ebab0b6fa7b4951aaa2>:0 
  at nuitrack.Nuitrack.Init (System.String config, nuitrack.Nuitrack+NuitrackMode mode) [0x00029] in <057f99c1c0624ebab0b6fa7b4951aaa2>:0 
  at NuitrackSDKEditor.ErrorSolver.NuitrackChecker.PingNuitrack () [0x00088] in D:\Documentos\UCSP\CCOMP\2022 - II\IHC\Parcial\Test for presentation 1\Assets\NuitrackSDK\Nuitrack\Scripts\Editor\ErrorSolver\NuitrackChecker.cs:49 
UnityEngine.StackTraceUtility:ExtractStackTrace ()
UnityEngine.DebugLogHandler:LogFormat (UnityEngine.LogType,UnityEngine.Object,string,object[])
UnityEngine.Logger:Log (UnityEngine.LogType,object)
UnityEngine.Debug:Log (object)
NuitrackSDKEditor.ErrorSolver.NuitrackChecker:PingNuitrack () (at Assets/NuitrackSDK/Nuitrack/Scripts/Editor/ErrorSolver/NuitrackChecker.cs:92)
NuitrackSDKEditor.ErrorSolver.NuitrackChecker:.cctor () (at Assets/NuitrackSDK/Nuitrack/Scripts/Editor/ErrorSolver/NuitrackChecker.cs:20)
System.Runtime.CompilerServices.RuntimeHelpers:RunClassConstructor (System.RuntimeTypeHandle)
UnityEditor.EditorAssemblies:ProcessInitializeOnLoadAttributes (System.Type[])

(Filename: Assets/NuitrackSDK/Nuitrack/Scripts/Editor/ErrorSolver/NuitrackChecker.cs Line: 92)

Mono: successfully reloaded assembly
- Completed reload, in  0.699 seconds
Domain Reload Profiling:
	ReloadAssembly (699ms)
		BeginReloadAssembly (98ms)
			ExecutionOrderSort (0ms)
			DisableScriptedObjects (6ms)
			BackupInstance (0ms)
			ReleaseScriptingObjects (0ms)
			CreateAndSetChildDomain (27ms)
		EndReloadAssembly (532ms)
			LoadAssemblies (51ms)
			RebuildTransferFunctionScriptingTraits (0ms)
			SetupTypeCache (167ms)
			ReleaseScriptCaches (1ms)
			RebuildScriptCaches (30ms)
			SetupLoadedEditorAssemblies (251ms)
				LogAssemblyErrors (0ms)
				InitializePlatformSupportModulesInManaged (10ms)
				SetLoadedEditorAssemblies (0ms)
				RefreshPlugins (1ms)
				BeforeProcessingInitializeOnLoad (50ms)
				ProcessInitializeOnLoadAttributes (161ms)
				ProcessInitializeOnLoadMethodAttributes (20ms)
				AfterProcessingInitializeOnLoad (9ms)
				EditorAssembliesLoaded (0ms)
			ExecutionOrderSort2 (0ms)
			AwakeInstancesAfterBackupRestoration (4ms)
Platform modules already initialized, skipping
Refreshing native plugins compatible for Editor in 1.44 ms, found 3 plugins.
Preloading 0 native plugins for Editor in 0.00 ms.
Unloading 3553 Unused Serialized files (Serialized files now loaded: 0)
Unloading 28 unused Assets / (326.2 KB). Loaded Objects now: 4106.
Memory consumption went from 134.2 MB to 133.8 MB.
Total: 2.432800 ms (FindLiveObjects: 0.217300 ms CreateObjectMapping: 0.072400 ms MarkObjects: 2.033700 ms  DeleteObjects: 0.108900 ms)

AssetImportParameters requested are different than current active one (requested -> active):
  custom:video-decoder-ogg-theora: a1e56fd34408186e4bbccfd4996cb3dc -> 
  custom:container-muxer-webm: aa71ff27fc2769a1b78a27578f13a17b -> 
  custom:container-demuxer-webm: 4f35f7cbe854078d1ac9338744f61a02 -> 
  custom:video-encoder-webm-vp8: eb34c28f22e8b96e1ab97ce403110664 -> 
  custom:audio-encoder-webm-vorbis: bf7c407c2cedff20999df2af8eb42d56 -> 
  custom:framework-win-MediaFoundation: 216162199b28c13a410421893ffa2e32 -> 
  custom:container-demuxer-ogg: 62fdf1f143b41e24485cea50d1cbac27 -> 
  custom:video-decoder-webm-vp8: 9c59270c3fd7afecdb556c50c9e8de78 -> 
  custom:audio-decoder-ogg-vorbis: bf7c407c2cedff20999df2af8eb42d56 -> 
